[01m[K/home/dijkd/franka_ws/src/franka_ros/new_controllers/src/first_controller.cpp:[m[K In member function ‘[01m[Kvirtual bool new_controllers::FirstController::init(hardware_interface::RobotHW*, ros::NodeHandle&)[m[K’:
[01m[K/home/dijkd/franka_ws/src/franka_ros/new_controllers/src/first_controller.cpp:70:3:[m[K [01;31m[Kerror: [m[K‘[01m[Knode_handle_[m[K’ was not declared in this scope
   node_handle_.getParam("/k",k);
[01;32m[K   ^[m[K
In file included from [01m[K/opt/ros/kinetic/include/class_loader/class_loader_core.hpp:46:0[m[K,
                 from [01m[K/opt/ros/kinetic/include/class_loader/class_loader.hpp:43[m[K,
                 from [01m[K/opt/ros/kinetic/include/class_loader/class_loader.h:35[m[K,
                 from [01m[K/opt/ros/kinetic/include/pluginlib/class_list_macros.hpp:40[m[K,
                 from [01m[K/opt/ros/kinetic/include/pluginlib/class_list_macros.h:35[m[K,
                 from [01m[K/home/dijkd/franka_ws/src/franka_ros/new_controllers/src/first_controller.cpp:6[m[K:
/opt/ros/kinetic/include/class_loader/meta_object.hpp: In instantiation of ‘[01m[KB* class_loader::class_loader_private::MetaObject<C, B>::create() const [with C = new_controllers::FirstController; B = controller_interface::ControllerBase][m[K’:
[01m[K/home/dijkd/franka_ws/src/franka_ros/new_controllers/src/first_controller.cpp:128:1:[m[K   required from here
[01m[K/opt/ros/kinetic/include/class_loader/meta_object.hpp:198:16:[m[K [01;31m[Kerror: [m[Kuse of deleted function ‘[01m[Knew_controllers::FirstController::FirstController()[m[K’
     return new C;
[01;32m[K                ^[m[K
In file included from [01m[K/home/dijkd/franka_ws/src/franka_ros/new_controllers/src/first_controller.cpp:1:0[m[K:
[01m[K/home/dijkd/franka_ws/src/franka_ros/new_controllers/include/new_controllers/first_controller.h:24:7:[m[K [01;36m[Knote: [m[K‘[01m[Knew_controllers::FirstController::FirstController()[m[K’ is implicitly deleted because the default definition would be ill-formed:
 class FirstController : public controller_interface::MultiInterfaceController<
[01;32m[K       ^[m[K
[01m[K/home/dijkd/franka_ws/src/franka_ros/new_controllers/include/new_controllers/first_controller.h:24:7:[m[K [01;31m[Kerror: [m[Kuninitialized reference member in ‘[01m[Kclass new_controllers::FirstController[m[K’
[01m[K/home/dijkd/franka_ws/src/franka_ros/new_controllers/include/new_controllers/first_controller.h:50:37:[m[K [01;36m[Knote: [m[K‘[01m[Kconst Eigen::Matrix<double, 6, 6>& new_controllers::FirstController::K[m[K’ should be initialized
   const Eigen::Matrix<double, 6,6>& K;
[01;32m[K                                     ^[m[K
make[2]: *** [CMakeFiles/new_controllers.dir/src/first_controller.cpp.o] Error 1
make[1]: *** [CMakeFiles/new_controllers.dir/all] Error 2
make: *** [all] Error 2
