[01m[K/home/dijkd/franka_ws/src/franka_ros/new_controllers/src/first_controller.cpp:[m[K In member function ‘[01m[Kvirtual void new_controllers::FirstController::update(const ros::Time&, const ros::Duration&)[m[K’:
[01m[K/home/dijkd/franka_ws/src/franka_ros/new_controllers/src/first_controller.cpp:100:24:[m[K [01;31m[Kerror: [m[Kno match for ‘[01m[Koperator=[m[K’ (operand types are ‘[01m[KEigen::VectorXd {aka Eigen::Matrix<double, -1, 1>}[m[K’ and ‘[01m[K<brace-enclosed initializer list>[m[K’)
   desired_force_torque = {0,0,0,0,0,0};
[01;32m[K                        ^[m[K
In file included from [01m[K/usr/include/eigen3/Eigen/Core:367:0[m[K,
                 from [01m[K/usr/include/eigen3/Eigen/Dense:1[m[K,
                 from [01m[K/home/dijkd/franka_ws/src/franka_ros/new_controllers/include/new_controllers/first_controller.h:16[m[K,
                 from [01m[K/home/dijkd/franka_ws/src/franka_ros/new_controllers/src/first_controller.cpp:1[m[K:
[01m[K/usr/include/eigen3/Eigen/src/Core/Matrix.h:206:33:[m[K [01;36m[Knote: [m[Kcandidate: Eigen::Matrix<_Scalar, _Rows, _Cols, _Options, _MaxRows, _MaxCols>& Eigen::Matrix<_Scalar, _Rows, _Cols, _Options, _MaxRows, _MaxCols>::operator=(const Eigen::Matrix<_Scalar, _Rows, _Cols, _Options, _MaxRows, _MaxCols>&) [with _Scalar = double; int _Rows = -1; int _Cols = 1; int _Options = 0; int _MaxRows = -1; int _MaxCols = 1]
     EIGEN_STRONG_INLINE Matrix& operator=(const Matrix& other)
[01;32m[K                                 ^[m[K
[01m[K/usr/include/eigen3/Eigen/src/Core/Matrix.h:206:33:[m[K [01;36m[Knote: [m[K  no known conversion for argument 1 from ‘[01m[K<brace-enclosed initializer list>[m[K’ to ‘[01m[Kconst Eigen::Matrix<double, -1, 1>&[m[K’
[01m[K/usr/include/eigen3/Eigen/src/Core/Matrix.h:223:33:[m[K [01;36m[Knote: [m[Kcandidate: template<class OtherDerived> Eigen::Matrix<_Scalar, _Rows, _Cols, _Options, _MaxRows, _MaxCols>& Eigen::Matrix<_Scalar, _Rows, _Cols, _Options, _MaxRows, _MaxCols>::operator=(const Eigen::DenseBase<OtherDerived>&) [with OtherDerived = OtherDerived; _Scalar = double; int _Rows = -1; int _Cols = 1; int _Options = 0; int _MaxRows = -1; int _MaxCols = 1]
     EIGEN_STRONG_INLINE Matrix& operator=(const DenseBase<OtherDerived>& other)
[01;32m[K                                 ^[m[K
[01m[K/usr/include/eigen3/Eigen/src/Core/Matrix.h:223:33:[m[K [01;36m[Knote: [m[K  template argument deduction/substitution failed:
[01m[K/home/dijkd/franka_ws/src/franka_ros/new_controllers/src/first_controller.cpp:100:24:[m[K [01;36m[Knote: [m[K  couldn't deduce template parameter ‘[01m[KOtherDerived[m[K’
   desired_force_torque = {0,0,0,0,0,0};
[01;32m[K                        ^[m[K
In file included from [01m[K/usr/include/eigen3/Eigen/Core:367:0[m[K,
                 from [01m[K/usr/include/eigen3/Eigen/Dense:1[m[K,
                 from [01m[K/home/dijkd/franka_ws/src/franka_ros/new_controllers/include/new_controllers/first_controller.h:16[m[K,
                 from [01m[K/home/dijkd/franka_ws/src/franka_ros/new_controllers/src/first_controller.cpp:1[m[K:
[01m[K/usr/include/eigen3/Eigen/src/Core/Matrix.h:236:33:[m[K [01;36m[Knote: [m[Kcandidate: template<class OtherDerived> Eigen::Matrix<_Scalar, _Rows, _Cols, _Options, _MaxRows, _MaxCols>& Eigen::Matrix<_Scalar, _Rows, _Cols, _Options, _MaxRows, _MaxCols>::operator=(const Eigen::EigenBase<OtherDerived>&) [with OtherDerived = OtherDerived; _Scalar = double; int _Rows = -1; int _Cols = 1; int _Options = 0; int _MaxRows = -1; int _MaxCols = 1]
     EIGEN_STRONG_INLINE Matrix& operator=(const EigenBase<OtherDerived> &other)
[01;32m[K                                 ^[m[K
[01m[K/usr/include/eigen3/Eigen/src/Core/Matrix.h:236:33:[m[K [01;36m[Knote: [m[K  template argument deduction/substitution failed:
[01m[K/home/dijkd/franka_ws/src/franka_ros/new_controllers/src/first_controller.cpp:100:24:[m[K [01;36m[Knote: [m[K  couldn't deduce template parameter ‘[01m[KOtherDerived[m[K’
   desired_force_torque = {0,0,0,0,0,0};
[01;32m[K                        ^[m[K
In file included from [01m[K/usr/include/eigen3/Eigen/Core:367:0[m[K,
                 from [01m[K/usr/include/eigen3/Eigen/Dense:1[m[K,
                 from [01m[K/home/dijkd/franka_ws/src/franka_ros/new_controllers/include/new_controllers/first_controller.h:16[m[K,
                 from [01m[K/home/dijkd/franka_ws/src/franka_ros/new_controllers/src/first_controller.cpp:1[m[K:
[01m[K/usr/include/eigen3/Eigen/src/Core/Matrix.h:243:33:[m[K [01;36m[Knote: [m[Kcandidate: template<class OtherDerived> Eigen::Matrix<_Scalar, _Rows, _Cols, _Options, _MaxRows, _MaxCols>& Eigen::Matrix<_Scalar, _Rows, _Cols, _Options, _MaxRows, _MaxCols>::operator=(const Eigen::ReturnByValue<OtherDerived>&) [with OtherDerived = OtherDerived; _Scalar = double; int _Rows = -1; int _Cols = 1; int _Options = 0; int _MaxRows = -1; int _MaxCols = 1]
     EIGEN_STRONG_INLINE Matrix& operator=(const ReturnByValue<OtherDerived>& func)
[01;32m[K                                 ^[m[K
[01m[K/usr/include/eigen3/Eigen/src/Core/Matrix.h:243:33:[m[K [01;36m[Knote: [m[K  template argument deduction/substitution failed:
[01m[K/home/dijkd/franka_ws/src/franka_ros/new_controllers/src/first_controller.cpp:100:24:[m[K [01;36m[Knote: [m[K  couldn't deduce template parameter ‘[01m[KOtherDerived[m[K’
   desired_force_torque = {0,0,0,0,0,0};
[01;32m[K                        ^[m[K
In file included from [01m[K/usr/include/eigen3/Eigen/Core:367:0[m[K,
                 from [01m[K/usr/include/eigen3/Eigen/Dense:1[m[K,
                 from [01m[K/home/dijkd/franka_ws/src/franka_ros/new_controllers/include/new_controllers/first_controller.h:16[m[K,
                 from [01m[K/home/dijkd/franka_ws/src/franka_ros/new_controllers/src/first_controller.cpp:1[m[K:
[01m[K/usr/include/eigen3/Eigen/src/Core/Matrix.h:281:13:[m[K [01;36m[Knote: [m[Kcandidate: Eigen::Matrix<_Scalar, _Rows, _Cols, _Options, _MaxRows, _MaxCols>& Eigen::Matrix<_Scalar, _Rows, _Cols, _Options, _MaxRows, _MaxCols>::operator=(Eigen::Matrix<_Scalar, _Rows, _Cols, _Options, _MaxRows, _MaxCols>&&) [with _Scalar = double; int _Rows = -1; int _Cols = 1; int _Options = 0; int _MaxRows = -1; int _MaxCols = 1]
     Matrix& operator=(Matrix&& other)
[01;32m[K             ^[m[K
[01m[K/usr/include/eigen3/Eigen/src/Core/Matrix.h:281:13:[m[K [01;36m[Knote: [m[K  no known conversion for argument 1 from ‘[01m[K<brace-enclosed initializer list>[m[K’ to ‘[01m[KEigen::Matrix<double, -1, 1>&&[m[K’
[01m[K/usr/include/eigen3/Eigen/src/Core/Matrix.h:392:13:[m[K [01;36m[Knote: [m[Kcandidate: template<class OtherDerived> Eigen::Matrix<_Scalar, _Rows, _Cols, _Options, _MaxRows, _MaxCols>& Eigen::Matrix<_Scalar, _Rows, _Cols, _Options, _MaxRows, _MaxCols>::operator=(const Eigen::RotationBase<OtherDerived, ColsAtCompileTime>&) [with OtherDerived = OtherDerived; _Scalar = double; int _Rows = -1; int _Cols = 1; int _Options = 0; int _MaxRows = -1; int _MaxCols = 1]
     Matrix& operator=(const RotationBase<OtherDerived,ColsAtCompileTime>& r);
[01;32m[K             ^[m[K
[01m[K/usr/include/eigen3/Eigen/src/Core/Matrix.h:392:13:[m[K [01;36m[Knote: [m[K  template argument deduction/substitution failed:
[01m[K/home/dijkd/franka_ws/src/franka_ros/new_controllers/src/first_controller.cpp:100:24:[m[K [01;36m[Knote: [m[K  couldn't deduce template parameter ‘[01m[KOtherDerived[m[K’
   desired_force_torque = {0,0,0,0,0,0};
[01;32m[K                        ^[m[K
make[2]: *** [CMakeFiles/new_controllers.dir/src/first_controller.cpp.o] Error 1
make[1]: *** [CMakeFiles/new_controllers.dir/all] Error 2
make: *** [all] Error 2
