[  0%] Built target dynamic_reconfigure_generate_messages_eus
[  0%] Built target geometry_msgs_generate_messages_py
[  0%] Built target geometry_msgs_generate_messages_cpp
[  0%] Built target dynamic_reconfigure_gencfg
[  0%] Built target dynamic_reconfigure_generate_messages_py
[  0%] Built target roscpp_generate_messages_py
[  0%] Built target std_msgs_generate_messages_nodejs
[  0%] Built target rosgraph_msgs_generate_messages_eus
[  0%] Built target geometry_msgs_generate_messages_nodejs
[  0%] Built target geometry_msgs_generate_messages_eus
[  0%] Built target roscpp_generate_messages_cpp
[  0%] Built target geometry_msgs_generate_messages_lisp
[  0%] Built target std_msgs_generate_messages_lisp
[  0%] Built target std_msgs_generate_messages_cpp
[  0%] Built target rosgraph_msgs_generate_messages_cpp
[  0%] Built target rosgraph_msgs_generate_messages_nodejs
[  0%] Built target roscpp_generate_messages_nodejs
[  0%] Built target rosgraph_msgs_generate_messages_py
[  0%] Built target rosgraph_msgs_generate_messages_lisp
[  0%] Built target std_msgs_generate_messages_py
[  0%] Built target roscpp_generate_messages_lisp
[  0%] Built target dynamic_reconfigure_generate_messages_lisp
[  0%] Built target dynamic_reconfigure_generate_messages_nodejs
[  0%] Built target roscpp_generate_messages_eus
[  0%] Built target std_msgs_generate_messages_eus
[  0%] Built target dynamic_reconfigure_generate_messages_cpp
[35m[1mScanning dependencies of target new_controllers[0m
[ 50%] [32mBuilding CXX object CMakeFiles/new_controllers.dir/src/first_controller.cpp.o[0m
[01m[K/home/dijkd/franka_ws/src/franka_ros/new_controllers/src/first_controller.cpp:[m[K In member function ‘[01m[Kvirtual bool new_controllers::FirstController::init(hardware_interface::RobotHW*, ros::NodeHandle&)[m[K’:
[01m[K/home/dijkd/franka_ws/src/franka_ros/new_controllers/src/first_controller.cpp:72:5:[m[K [01;31m[Kerror: [m[Kexpected ‘[01m[K;[m[K’ before ‘[01m[Kstd[m[K’
     std::cout << k << std::endl;
[01;32m[K     ^[m[K
CMakeFiles/new_controllers.dir/build.make:62: recipe for target 'CMakeFiles/new_controllers.dir/src/first_controller.cpp.o' failed
make[2]: *** [CMakeFiles/new_controllers.dir/src/first_controller.cpp.o] Error 1
CMakeFiles/Makefile2:252: recipe for target 'CMakeFiles/new_controllers.dir/all' failed
make[1]: *** [CMakeFiles/new_controllers.dir/all] Error 2
Makefile:138: recipe for target 'all' failed
make: *** [all] Error 2
