Not searching for unused variables given on the command line.
[36m--[0m Using CATKIN_DEVEL_PREFIX: /home/dijkd/franka_ws/devel/.private/franka_gripper
[36m--[0m Using CMAKE_PREFIX_PATH: /home/dijkd/franka_ws/devel;/opt/ros/kinetic
[36m--[0m This workspace overlays: /home/dijkd/franka_ws/devel;/opt/ros/kinetic
[36m--[0m Found PythonInterp: /usr/bin/python2 (found suitable version "2.7.12", minimum required is "2")
[36m--[0m Using PYTHON_EXECUTABLE: /usr/bin/python2
[36m--[0m Using Debian Python package layout
[36m--[0m Using empy: /usr/bin/empy
[36m--[0m Using CATKIN_ENABLE_TESTING: ON
[36m--[0m Call enable_testing()
[36m--[0m Using CATKIN_TEST_RESULTS_DIR: /home/dijkd/franka_ws/build/franka_gripper/test_results
[36m--[0m Forcing gtest/gmock from source, though one was otherwise available.
[36m--[0m Found gtest sources under '/usr/src/gmock': gtests will be built
[36m--[0m Found gmock sources under '/usr/src/gmock': gmock will be built
[36m--[0m Found PythonInterp: /usr/bin/python2 (found version "2.7.12")
[36m--[0m Using Python nosetests: /usr/bin/nosetests-2.7
[36m--[0m catkin 0.7.29
[36m--[0m BUILD_SHARED_LIBS is on
[36m--[0m Using these message generators: gencpp;geneus;genlisp;gennodejs;genpy
[36m--[0m Generating .msg files for action franka_gripper/Grasp /home/dijkd/franka_ws/src/franka_ros/franka_gripper/action/Grasp.action
[36m--[0m Generating .msg files for action franka_gripper/Homing /home/dijkd/franka_ws/src/franka_ros/franka_gripper/action/Homing.action
[36m--[0m Generating .msg files for action franka_gripper/Stop /home/dijkd/franka_ws/src/franka_ros/franka_gripper/action/Stop.action
[36m--[0m Generating .msg files for action franka_gripper/Move /home/dijkd/franka_ws/src/franka_ros/franka_gripper/action/Move.action
[36m--[0m franka_gripper: 29 messages, 0 services
[36m--[0m Configuring done
[36m--[0m Generating done
[36m--[0m Build files have been written to: /home/dijkd/franka_ws/build/franka_gripper
