Linked: (/home/dijkd/franka_ws/devel/.private/franka_gripper/share/roseus/ros/franka_gripper/manifest.l, /home/dijkd/franka_ws/devel/share/roseus/ros/franka_gripper/manifest.l)
Linked: (/home/dijkd/franka_ws/devel/.private/franka_gripper/share/roseus/ros/franka_gripper/msg/MoveFeedback.l, /home/dijkd/franka_ws/devel/share/roseus/ros/franka_gripper/msg/MoveFeedback.l)
Linked: (/home/dijkd/franka_ws/devel/.private/franka_gripper/share/roseus/ros/franka_gripper/msg/StopFeedback.l, /home/dijkd/franka_ws/devel/share/roseus/ros/franka_gripper/msg/StopFeedback.l)
Linked: (/home/dijkd/franka_ws/devel/.private/franka_gripper/share/roseus/ros/franka_gripper/msg/GraspFeedback.l, /home/dijkd/franka_ws/devel/share/roseus/ros/franka_gripper/msg/GraspFeedback.l)
Linked: (/home/dijkd/franka_ws/devel/.private/franka_gripper/share/roseus/ros/franka_gripper/msg/HomingAction.l, /home/dijkd/franka_ws/devel/share/roseus/ros/franka_gripper/msg/HomingAction.l)
Linked: (/home/dijkd/franka_ws/devel/.private/franka_gripper/share/roseus/ros/franka_gripper/msg/GraspActionFeedback.l, /home/dijkd/franka_ws/devel/share/roseus/ros/franka_gripper/msg/GraspActionFeedback.l)
Linked: (/home/dijkd/franka_ws/devel/.private/franka_gripper/share/roseus/ros/franka_gripper/msg/MoveResult.l, /home/dijkd/franka_ws/devel/share/roseus/ros/franka_gripper/msg/MoveResult.l)
Linked: (/home/dijkd/franka_ws/devel/.private/franka_gripper/share/roseus/ros/franka_gripper/msg/StopAction.l, /home/dijkd/franka_ws/devel/share/roseus/ros/franka_gripper/msg/StopAction.l)
Linked: (/home/dijkd/franka_ws/devel/.private/franka_gripper/share/roseus/ros/franka_gripper/msg/StopActionFeedback.l, /home/dijkd/franka_ws/devel/share/roseus/ros/franka_gripper/msg/StopActionFeedback.l)
Linked: (/home/dijkd/franka_ws/devel/.private/franka_gripper/share/roseus/ros/franka_gripper/msg/GraspEpsilon.l, /home/dijkd/franka_ws/devel/share/roseus/ros/franka_gripper/msg/GraspEpsilon.l)
Linked: (/home/dijkd/franka_ws/devel/.private/franka_gripper/share/roseus/ros/franka_gripper/msg/GraspAction.l, /home/dijkd/franka_ws/devel/share/roseus/ros/franka_gripper/msg/GraspAction.l)
Linked: (/home/dijkd/franka_ws/devel/.private/franka_gripper/share/roseus/ros/franka_gripper/msg/StopActionGoal.l, /home/dijkd/franka_ws/devel/share/roseus/ros/franka_gripper/msg/StopActionGoal.l)
Linked: (/home/dijkd/franka_ws/devel/.private/franka_gripper/share/roseus/ros/franka_gripper/msg/MoveActionFeedback.l, /home/dijkd/franka_ws/devel/share/roseus/ros/franka_gripper/msg/MoveActionFeedback.l)
Linked: (/home/dijkd/franka_ws/devel/.private/franka_gripper/share/roseus/ros/franka_gripper/msg/HomingActionResult.l, /home/dijkd/franka_ws/devel/share/roseus/ros/franka_gripper/msg/HomingActionResult.l)
Linked: (/home/dijkd/franka_ws/devel/.private/franka_gripper/share/roseus/ros/franka_gripper/msg/MoveActionResult.l, /home/dijkd/franka_ws/devel/share/roseus/ros/franka_gripper/msg/MoveActionResult.l)
Linked: (/home/dijkd/franka_ws/devel/.private/franka_gripper/share/roseus/ros/franka_gripper/msg/GraspActionGoal.l, /home/dijkd/franka_ws/devel/share/roseus/ros/franka_gripper/msg/GraspActionGoal.l)
Linked: (/home/dijkd/franka_ws/devel/.private/franka_gripper/share/roseus/ros/franka_gripper/msg/MoveGoal.l, /home/dijkd/franka_ws/devel/share/roseus/ros/franka_gripper/msg/MoveGoal.l)
Linked: (/home/dijkd/franka_ws/devel/.private/franka_gripper/share/roseus/ros/franka_gripper/msg/GraspGoal.l, /home/dijkd/franka_ws/devel/share/roseus/ros/franka_gripper/msg/GraspGoal.l)
Linked: (/home/dijkd/franka_ws/devel/.private/franka_gripper/share/roseus/ros/franka_gripper/msg/HomingActionFeedback.l, /home/dijkd/franka_ws/devel/share/roseus/ros/franka_gripper/msg/HomingActionFeedback.l)
Linked: (/home/dijkd/franka_ws/devel/.private/franka_gripper/share/roseus/ros/franka_gripper/msg/MoveActionGoal.l, /home/dijkd/franka_ws/devel/share/roseus/ros/franka_gripper/msg/MoveActionGoal.l)
Linked: (/home/dijkd/franka_ws/devel/.private/franka_gripper/share/roseus/ros/franka_gripper/msg/HomingGoal.l, /home/dijkd/franka_ws/devel/share/roseus/ros/franka_gripper/msg/HomingGoal.l)
Linked: (/home/dijkd/franka_ws/devel/.private/franka_gripper/share/roseus/ros/franka_gripper/msg/GraspActionResult.l, /home/dijkd/franka_ws/devel/share/roseus/ros/franka_gripper/msg/GraspActionResult.l)
Linked: (/home/dijkd/franka_ws/devel/.private/franka_gripper/share/roseus/ros/franka_gripper/msg/StopResult.l, /home/dijkd/franka_ws/devel/share/roseus/ros/franka_gripper/msg/StopResult.l)
Linked: (/home/dijkd/franka_ws/devel/.private/franka_gripper/share/roseus/ros/franka_gripper/msg/StopGoal.l, /home/dijkd/franka_ws/devel/share/roseus/ros/franka_gripper/msg/StopGoal.l)
Linked: (/home/dijkd/franka_ws/devel/.private/franka_gripper/share/roseus/ros/franka_gripper/msg/HomingFeedback.l, /home/dijkd/franka_ws/devel/share/roseus/ros/franka_gripper/msg/HomingFeedback.l)
Linked: (/home/dijkd/franka_ws/devel/.private/franka_gripper/share/roseus/ros/franka_gripper/msg/HomingActionGoal.l, /home/dijkd/franka_ws/devel/share/roseus/ros/franka_gripper/msg/HomingActionGoal.l)
Linked: (/home/dijkd/franka_ws/devel/.private/franka_gripper/share/roseus/ros/franka_gripper/msg/MoveAction.l, /home/dijkd/franka_ws/devel/share/roseus/ros/franka_gripper/msg/MoveAction.l)
Linked: (/home/dijkd/franka_ws/devel/.private/franka_gripper/share/roseus/ros/franka_gripper/msg/HomingResult.l, /home/dijkd/franka_ws/devel/share/roseus/ros/franka_gripper/msg/HomingResult.l)
Linked: (/home/dijkd/franka_ws/devel/.private/franka_gripper/share/roseus/ros/franka_gripper/msg/StopActionResult.l, /home/dijkd/franka_ws/devel/share/roseus/ros/franka_gripper/msg/StopActionResult.l)
Linked: (/home/dijkd/franka_ws/devel/.private/franka_gripper/share/roseus/ros/franka_gripper/msg/GraspResult.l, /home/dijkd/franka_ws/devel/share/roseus/ros/franka_gripper/msg/GraspResult.l)
Linked: (/home/dijkd/franka_ws/devel/.private/franka_gripper/share/common-lisp/ros/franka_gripper/msg/GraspActionFeedback.lisp, /home/dijkd/franka_ws/devel/share/common-lisp/ros/franka_gripper/msg/GraspActionFeedback.lisp)
Linked: (/home/dijkd/franka_ws/devel/.private/franka_gripper/share/common-lisp/ros/franka_gripper/msg/_package_StopGoal.lisp, /home/dijkd/franka_ws/devel/share/common-lisp/ros/franka_gripper/msg/_package_StopGoal.lisp)
Linked: (/home/dijkd/franka_ws/devel/.private/franka_gripper/share/common-lisp/ros/franka_gripper/msg/_package_StopResult.lisp, /home/dijkd/franka_ws/devel/share/common-lisp/ros/franka_gripper/msg/_package_StopResult.lisp)
Linked: (/home/dijkd/franka_ws/devel/.private/franka_gripper/share/common-lisp/ros/franka_gripper/msg/_package_MoveGoal.lisp, /home/dijkd/franka_ws/devel/share/common-lisp/ros/franka_gripper/msg/_package_MoveGoal.lisp)
Linked: (/home/dijkd/franka_ws/devel/.private/franka_gripper/share/common-lisp/ros/franka_gripper/msg/MoveGoal.lisp, /home/dijkd/franka_ws/devel/share/common-lisp/ros/franka_gripper/msg/MoveGoal.lisp)
Linked: (/home/dijkd/franka_ws/devel/.private/franka_gripper/share/common-lisp/ros/franka_gripper/msg/_package_MoveFeedback.lisp, /home/dijkd/franka_ws/devel/share/common-lisp/ros/franka_gripper/msg/_package_MoveFeedback.lisp)
Linked: (/home/dijkd/franka_ws/devel/.private/franka_gripper/share/common-lisp/ros/franka_gripper/msg/StopResult.lisp, /home/dijkd/franka_ws/devel/share/common-lisp/ros/franka_gripper/msg/StopResult.lisp)
Linked: (/home/dijkd/franka_ws/devel/.private/franka_gripper/share/common-lisp/ros/franka_gripper/msg/_package_StopFeedback.lisp, /home/dijkd/franka_ws/devel/share/common-lisp/ros/franka_gripper/msg/_package_StopFeedback.lisp)
Linked: (/home/dijkd/franka_ws/devel/.private/franka_gripper/share/common-lisp/ros/franka_gripper/msg/_package_GraspActionResult.lisp, /home/dijkd/franka_ws/devel/share/common-lisp/ros/franka_gripper/msg/_package_GraspActionResult.lisp)
Linked: (/home/dijkd/franka_ws/devel/.private/franka_gripper/share/common-lisp/ros/franka_gripper/msg/_package_MoveActionResult.lisp, /home/dijkd/franka_ws/devel/share/common-lisp/ros/franka_gripper/msg/_package_MoveActionResult.lisp)
Linked: (/home/dijkd/franka_ws/devel/.private/franka_gripper/share/common-lisp/ros/franka_gripper/msg/HomingActionResult.lisp, /home/dijkd/franka_ws/devel/share/common-lisp/ros/franka_gripper/msg/HomingActionResult.lisp)
Linked: (/home/dijkd/franka_ws/devel/.private/franka_gripper/share/common-lisp/ros/franka_gripper/msg/HomingResult.lisp, /home/dijkd/franka_ws/devel/share/common-lisp/ros/franka_gripper/msg/HomingResult.lisp)
Linked: (/home/dijkd/franka_ws/devel/.private/franka_gripper/share/common-lisp/ros/franka_gripper/msg/_package_StopAction.lisp, /home/dijkd/franka_ws/devel/share/common-lisp/ros/franka_gripper/msg/_package_StopAction.lisp)
Linked: (/home/dijkd/franka_ws/devel/.private/franka_gripper/share/common-lisp/ros/franka_gripper/msg/MoveFeedback.lisp, /home/dijkd/franka_ws/devel/share/common-lisp/ros/franka_gripper/msg/MoveFeedback.lisp)
Linked: (/home/dijkd/franka_ws/devel/.private/franka_gripper/share/common-lisp/ros/franka_gripper/msg/_package_StopActionResult.lisp, /home/dijkd/franka_ws/devel/share/common-lisp/ros/franka_gripper/msg/_package_StopActionResult.lisp)
Linked: (/home/dijkd/franka_ws/devel/.private/franka_gripper/share/common-lisp/ros/franka_gripper/msg/GraspFeedback.lisp, /home/dijkd/franka_ws/devel/share/common-lisp/ros/franka_gripper/msg/GraspFeedback.lisp)
Linked: (/home/dijkd/franka_ws/devel/.private/franka_gripper/share/common-lisp/ros/franka_gripper/msg/MoveActionResult.lisp, /home/dijkd/franka_ws/devel/share/common-lisp/ros/franka_gripper/msg/MoveActionResult.lisp)
Linked: (/home/dijkd/franka_ws/devel/.private/franka_gripper/share/common-lisp/ros/franka_gripper/msg/_package_MoveActionFeedback.lisp, /home/dijkd/franka_ws/devel/share/common-lisp/ros/franka_gripper/msg/_package_MoveActionFeedback.lisp)
Linked: (/home/dijkd/franka_ws/devel/.private/franka_gripper/share/common-lisp/ros/franka_gripper/msg/_package_GraspEpsilon.lisp, /home/dijkd/franka_ws/devel/share/common-lisp/ros/franka_gripper/msg/_package_GraspEpsilon.lisp)
Linked: (/home/dijkd/franka_ws/devel/.private/franka_gripper/share/common-lisp/ros/franka_gripper/msg/_package_GraspGoal.lisp, /home/dijkd/franka_ws/devel/share/common-lisp/ros/franka_gripper/msg/_package_GraspGoal.lisp)
Linked: (/home/dijkd/franka_ws/devel/.private/franka_gripper/share/common-lisp/ros/franka_gripper/msg/_package_HomingActionFeedback.lisp, /home/dijkd/franka_ws/devel/share/common-lisp/ros/franka_gripper/msg/_package_HomingActionFeedback.lisp)
Linked: (/home/dijkd/franka_ws/devel/.private/franka_gripper/share/common-lisp/ros/franka_gripper/msg/HomingAction.lisp, /home/dijkd/franka_ws/devel/share/common-lisp/ros/franka_gripper/msg/HomingAction.lisp)
Linked: (/home/dijkd/franka_ws/devel/.private/franka_gripper/share/common-lisp/ros/franka_gripper/msg/_package_GraspFeedback.lisp, /home/dijkd/franka_ws/devel/share/common-lisp/ros/franka_gripper/msg/_package_GraspFeedback.lisp)
Linked: (/home/dijkd/franka_ws/devel/.private/franka_gripper/share/common-lisp/ros/franka_gripper/msg/_package_HomingAction.lisp, /home/dijkd/franka_ws/devel/share/common-lisp/ros/franka_gripper/msg/_package_HomingAction.lisp)
Linked: (/home/dijkd/franka_ws/devel/.private/franka_gripper/share/common-lisp/ros/franka_gripper/msg/MoveActionFeedback.lisp, /home/dijkd/franka_ws/devel/share/common-lisp/ros/franka_gripper/msg/MoveActionFeedback.lisp)
Linked: (/home/dijkd/franka_ws/devel/.private/franka_gripper/share/common-lisp/ros/franka_gripper/msg/_package_GraspResult.lisp, /home/dijkd/franka_ws/devel/share/common-lisp/ros/franka_gripper/msg/_package_GraspResult.lisp)
Linked: (/home/dijkd/franka_ws/devel/.private/franka_gripper/share/common-lisp/ros/franka_gripper/msg/_package_HomingFeedback.lisp, /home/dijkd/franka_ws/devel/share/common-lisp/ros/franka_gripper/msg/_package_HomingFeedback.lisp)
Linked: (/home/dijkd/franka_ws/devel/.private/franka_gripper/share/common-lisp/ros/franka_gripper/msg/StopGoal.lisp, /home/dijkd/franka_ws/devel/share/common-lisp/ros/franka_gripper/msg/StopGoal.lisp)
Linked: (/home/dijkd/franka_ws/devel/.private/franka_gripper/share/common-lisp/ros/franka_gripper/msg/_package_HomingActionResult.lisp, /home/dijkd/franka_ws/devel/share/common-lisp/ros/franka_gripper/msg/_package_HomingActionResult.lisp)
Linked: (/home/dijkd/franka_ws/devel/.private/franka_gripper/share/common-lisp/ros/franka_gripper/msg/_package_MoveAction.lisp, /home/dijkd/franka_ws/devel/share/common-lisp/ros/franka_gripper/msg/_package_MoveAction.lisp)
Linked: (/home/dijkd/franka_ws/devel/.private/franka_gripper/share/common-lisp/ros/franka_gripper/msg/_package_MoveActionGoal.lisp, /home/dijkd/franka_ws/devel/share/common-lisp/ros/franka_gripper/msg/_package_MoveActionGoal.lisp)
Linked: (/home/dijkd/franka_ws/devel/.private/franka_gripper/share/common-lisp/ros/franka_gripper/msg/GraspResult.lisp, /home/dijkd/franka_ws/devel/share/common-lisp/ros/franka_gripper/msg/GraspResult.lisp)
Linked: (/home/dijkd/franka_ws/devel/.private/franka_gripper/share/common-lisp/ros/franka_gripper/msg/franka_gripper-msg.asd, /home/dijkd/franka_ws/devel/share/common-lisp/ros/franka_gripper/msg/franka_gripper-msg.asd)
Linked: (/home/dijkd/franka_ws/devel/.private/franka_gripper/share/common-lisp/ros/franka_gripper/msg/_package_StopActionFeedback.lisp, /home/dijkd/franka_ws/devel/share/common-lisp/ros/franka_gripper/msg/_package_StopActionFeedback.lisp)
Linked: (/home/dijkd/franka_ws/devel/.private/franka_gripper/share/common-lisp/ros/franka_gripper/msg/GraspActionGoal.lisp, /home/dijkd/franka_ws/devel/share/common-lisp/ros/franka_gripper/msg/GraspActionGoal.lisp)
Linked: (/home/dijkd/franka_ws/devel/.private/franka_gripper/share/common-lisp/ros/franka_gripper/msg/_package_GraspActionGoal.lisp, /home/dijkd/franka_ws/devel/share/common-lisp/ros/franka_gripper/msg/_package_GraspActionGoal.lisp)
Linked: (/home/dijkd/franka_ws/devel/.private/franka_gripper/share/common-lisp/ros/franka_gripper/msg/StopAction.lisp, /home/dijkd/franka_ws/devel/share/common-lisp/ros/franka_gripper/msg/StopAction.lisp)
Linked: (/home/dijkd/franka_ws/devel/.private/franka_gripper/share/common-lisp/ros/franka_gripper/msg/StopActionResult.lisp, /home/dijkd/franka_ws/devel/share/common-lisp/ros/franka_gripper/msg/StopActionResult.lisp)
Linked: (/home/dijkd/franka_ws/devel/.private/franka_gripper/share/common-lisp/ros/franka_gripper/msg/_package_HomingGoal.lisp, /home/dijkd/franka_ws/devel/share/common-lisp/ros/franka_gripper/msg/_package_HomingGoal.lisp)
Linked: (/home/dijkd/franka_ws/devel/.private/franka_gripper/share/common-lisp/ros/franka_gripper/msg/GraspAction.lisp, /home/dijkd/franka_ws/devel/share/common-lisp/ros/franka_gripper/msg/GraspAction.lisp)
Linked: (/home/dijkd/franka_ws/devel/.private/franka_gripper/share/common-lisp/ros/franka_gripper/msg/HomingFeedback.lisp, /home/dijkd/franka_ws/devel/share/common-lisp/ros/franka_gripper/msg/HomingFeedback.lisp)
Linked: (/home/dijkd/franka_ws/devel/.private/franka_gripper/share/common-lisp/ros/franka_gripper/msg/_package_MoveResult.lisp, /home/dijkd/franka_ws/devel/share/common-lisp/ros/franka_gripper/msg/_package_MoveResult.lisp)
Linked: (/home/dijkd/franka_ws/devel/.private/franka_gripper/share/common-lisp/ros/franka_gripper/msg/_package_GraspAction.lisp, /home/dijkd/franka_ws/devel/share/common-lisp/ros/franka_gripper/msg/_package_GraspAction.lisp)
Linked: (/home/dijkd/franka_ws/devel/.private/franka_gripper/share/common-lisp/ros/franka_gripper/msg/GraspGoal.lisp, /home/dijkd/franka_ws/devel/share/common-lisp/ros/franka_gripper/msg/GraspGoal.lisp)
Linked: (/home/dijkd/franka_ws/devel/.private/franka_gripper/share/common-lisp/ros/franka_gripper/msg/_package_HomingResult.lisp, /home/dijkd/franka_ws/devel/share/common-lisp/ros/franka_gripper/msg/_package_HomingResult.lisp)
Linked: (/home/dijkd/franka_ws/devel/.private/franka_gripper/share/common-lisp/ros/franka_gripper/msg/_package_GraspActionFeedback.lisp, /home/dijkd/franka_ws/devel/share/common-lisp/ros/franka_gripper/msg/_package_GraspActionFeedback.lisp)
Linked: (/home/dijkd/franka_ws/devel/.private/franka_gripper/share/common-lisp/ros/franka_gripper/msg/GraspEpsilon.lisp, /home/dijkd/franka_ws/devel/share/common-lisp/ros/franka_gripper/msg/GraspEpsilon.lisp)
Linked: (/home/dijkd/franka_ws/devel/.private/franka_gripper/share/common-lisp/ros/franka_gripper/msg/HomingActionFeedback.lisp, /home/dijkd/franka_ws/devel/share/common-lisp/ros/franka_gripper/msg/HomingActionFeedback.lisp)
Linked: (/home/dijkd/franka_ws/devel/.private/franka_gripper/share/common-lisp/ros/franka_gripper/msg/_package.lisp, /home/dijkd/franka_ws/devel/share/common-lisp/ros/franka_gripper/msg/_package.lisp)
Linked: (/home/dijkd/franka_ws/devel/.private/franka_gripper/share/common-lisp/ros/franka_gripper/msg/StopFeedback.lisp, /home/dijkd/franka_ws/devel/share/common-lisp/ros/franka_gripper/msg/StopFeedback.lisp)
Linked: (/home/dijkd/franka_ws/devel/.private/franka_gripper/share/common-lisp/ros/franka_gripper/msg/MoveResult.lisp, /home/dijkd/franka_ws/devel/share/common-lisp/ros/franka_gripper/msg/MoveResult.lisp)
Linked: (/home/dijkd/franka_ws/devel/.private/franka_gripper/share/common-lisp/ros/franka_gripper/msg/MoveAction.lisp, /home/dijkd/franka_ws/devel/share/common-lisp/ros/franka_gripper/msg/MoveAction.lisp)
Linked: (/home/dijkd/franka_ws/devel/.private/franka_gripper/share/common-lisp/ros/franka_gripper/msg/MoveActionGoal.lisp, /home/dijkd/franka_ws/devel/share/common-lisp/ros/franka_gripper/msg/MoveActionGoal.lisp)
Linked: (/home/dijkd/franka_ws/devel/.private/franka_gripper/share/common-lisp/ros/franka_gripper/msg/StopActionFeedback.lisp, /home/dijkd/franka_ws/devel/share/common-lisp/ros/franka_gripper/msg/StopActionFeedback.lisp)
Linked: (/home/dijkd/franka_ws/devel/.private/franka_gripper/share/common-lisp/ros/franka_gripper/msg/HomingActionGoal.lisp, /home/dijkd/franka_ws/devel/share/common-lisp/ros/franka_gripper/msg/HomingActionGoal.lisp)
Linked: (/home/dijkd/franka_ws/devel/.private/franka_gripper/share/common-lisp/ros/franka_gripper/msg/_package_HomingActionGoal.lisp, /home/dijkd/franka_ws/devel/share/common-lisp/ros/franka_gripper/msg/_package_HomingActionGoal.lisp)
Linked: (/home/dijkd/franka_ws/devel/.private/franka_gripper/share/common-lisp/ros/franka_gripper/msg/GraspActionResult.lisp, /home/dijkd/franka_ws/devel/share/common-lisp/ros/franka_gripper/msg/GraspActionResult.lisp)
Linked: (/home/dijkd/franka_ws/devel/.private/franka_gripper/share/common-lisp/ros/franka_gripper/msg/StopActionGoal.lisp, /home/dijkd/franka_ws/devel/share/common-lisp/ros/franka_gripper/msg/StopActionGoal.lisp)
Linked: (/home/dijkd/franka_ws/devel/.private/franka_gripper/share/common-lisp/ros/franka_gripper/msg/HomingGoal.lisp, /home/dijkd/franka_ws/devel/share/common-lisp/ros/franka_gripper/msg/HomingGoal.lisp)
Linked: (/home/dijkd/franka_ws/devel/.private/franka_gripper/share/common-lisp/ros/franka_gripper/msg/_package_StopActionGoal.lisp, /home/dijkd/franka_ws/devel/share/common-lisp/ros/franka_gripper/msg/_package_StopActionGoal.lisp)
Linked: (/home/dijkd/franka_ws/devel/.private/franka_gripper/share/franka_gripper/cmake/franka_gripperConfig-version.cmake, /home/dijkd/franka_ws/devel/share/franka_gripper/cmake/franka_gripperConfig-version.cmake)
Linked: (/home/dijkd/franka_ws/devel/.private/franka_gripper/share/franka_gripper/cmake/franka_gripper-msg-extras.cmake, /home/dijkd/franka_ws/devel/share/franka_gripper/cmake/franka_gripper-msg-extras.cmake)
Linked: (/home/dijkd/franka_ws/devel/.private/franka_gripper/share/franka_gripper/cmake/franka_gripper-msg-paths.cmake, /home/dijkd/franka_ws/devel/share/franka_gripper/cmake/franka_gripper-msg-paths.cmake)
Linked: (/home/dijkd/franka_ws/devel/.private/franka_gripper/share/franka_gripper/cmake/franka_gripperConfig.cmake, /home/dijkd/franka_ws/devel/share/franka_gripper/cmake/franka_gripperConfig.cmake)
Linked: (/home/dijkd/franka_ws/devel/.private/franka_gripper/share/franka_gripper/msg/MoveActionFeedback.msg, /home/dijkd/franka_ws/devel/share/franka_gripper/msg/MoveActionFeedback.msg)
Linked: (/home/dijkd/franka_ws/devel/.private/franka_gripper/share/franka_gripper/msg/GraspAction.msg, /home/dijkd/franka_ws/devel/share/franka_gripper/msg/GraspAction.msg)
Linked: (/home/dijkd/franka_ws/devel/.private/franka_gripper/share/franka_gripper/msg/GraspFeedback.msg, /home/dijkd/franka_ws/devel/share/franka_gripper/msg/GraspFeedback.msg)
Linked: (/home/dijkd/franka_ws/devel/.private/franka_gripper/share/franka_gripper/msg/MoveFeedback.msg, /home/dijkd/franka_ws/devel/share/franka_gripper/msg/MoveFeedback.msg)
Linked: (/home/dijkd/franka_ws/devel/.private/franka_gripper/share/franka_gripper/msg/StopResult.msg, /home/dijkd/franka_ws/devel/share/franka_gripper/msg/StopResult.msg)
Linked: (/home/dijkd/franka_ws/devel/.private/franka_gripper/share/franka_gripper/msg/HomingFeedback.msg, /home/dijkd/franka_ws/devel/share/franka_gripper/msg/HomingFeedback.msg)
Linked: (/home/dijkd/franka_ws/devel/.private/franka_gripper/share/franka_gripper/msg/GraspActionGoal.msg, /home/dijkd/franka_ws/devel/share/franka_gripper/msg/GraspActionGoal.msg)
Linked: (/home/dijkd/franka_ws/devel/.private/franka_gripper/share/franka_gripper/msg/StopFeedback.msg, /home/dijkd/franka_ws/devel/share/franka_gripper/msg/StopFeedback.msg)
Linked: (/home/dijkd/franka_ws/devel/.private/franka_gripper/share/franka_gripper/msg/GraspGoal.msg, /home/dijkd/franka_ws/devel/share/franka_gripper/msg/GraspGoal.msg)
Linked: (/home/dijkd/franka_ws/devel/.private/franka_gripper/share/franka_gripper/msg/HomingActionGoal.msg, /home/dijkd/franka_ws/devel/share/franka_gripper/msg/HomingActionGoal.msg)
Linked: (/home/dijkd/franka_ws/devel/.private/franka_gripper/share/franka_gripper/msg/HomingResult.msg, /home/dijkd/franka_ws/devel/share/franka_gripper/msg/HomingResult.msg)
Linked: (/home/dijkd/franka_ws/devel/.private/franka_gripper/share/franka_gripper/msg/MoveAction.msg, /home/dijkd/franka_ws/devel/share/franka_gripper/msg/MoveAction.msg)
Linked: (/home/dijkd/franka_ws/devel/.private/franka_gripper/share/franka_gripper/msg/StopAction.msg, /home/dijkd/franka_ws/devel/share/franka_gripper/msg/StopAction.msg)
Linked: (/home/dijkd/franka_ws/devel/.private/franka_gripper/share/franka_gripper/msg/HomingGoal.msg, /home/dijkd/franka_ws/devel/share/franka_gripper/msg/HomingGoal.msg)
Linked: (/home/dijkd/franka_ws/devel/.private/franka_gripper/share/franka_gripper/msg/StopActionResult.msg, /home/dijkd/franka_ws/devel/share/franka_gripper/msg/StopActionResult.msg)
Linked: (/home/dijkd/franka_ws/devel/.private/franka_gripper/share/franka_gripper/msg/MoveActionGoal.msg, /home/dijkd/franka_ws/devel/share/franka_gripper/msg/MoveActionGoal.msg)
Linked: (/home/dijkd/franka_ws/devel/.private/franka_gripper/share/franka_gripper/msg/MoveActionResult.msg, /home/dijkd/franka_ws/devel/share/franka_gripper/msg/MoveActionResult.msg)
Linked: (/home/dijkd/franka_ws/devel/.private/franka_gripper/share/franka_gripper/msg/StopGoal.msg, /home/dijkd/franka_ws/devel/share/franka_gripper/msg/StopGoal.msg)
Linked: (/home/dijkd/franka_ws/devel/.private/franka_gripper/share/franka_gripper/msg/GraspActionFeedback.msg, /home/dijkd/franka_ws/devel/share/franka_gripper/msg/GraspActionFeedback.msg)
Linked: (/home/dijkd/franka_ws/devel/.private/franka_gripper/share/franka_gripper/msg/MoveGoal.msg, /home/dijkd/franka_ws/devel/share/franka_gripper/msg/MoveGoal.msg)
Linked: (/home/dijkd/franka_ws/devel/.private/franka_gripper/share/franka_gripper/msg/StopActionGoal.msg, /home/dijkd/franka_ws/devel/share/franka_gripper/msg/StopActionGoal.msg)
Linked: (/home/dijkd/franka_ws/devel/.private/franka_gripper/share/franka_gripper/msg/MoveResult.msg, /home/dijkd/franka_ws/devel/share/franka_gripper/msg/MoveResult.msg)
Linked: (/home/dijkd/franka_ws/devel/.private/franka_gripper/share/franka_gripper/msg/GraspResult.msg, /home/dijkd/franka_ws/devel/share/franka_gripper/msg/GraspResult.msg)
Linked: (/home/dijkd/franka_ws/devel/.private/franka_gripper/share/franka_gripper/msg/HomingActionResult.msg, /home/dijkd/franka_ws/devel/share/franka_gripper/msg/HomingActionResult.msg)
Linked: (/home/dijkd/franka_ws/devel/.private/franka_gripper/share/franka_gripper/msg/GraspActionResult.msg, /home/dijkd/franka_ws/devel/share/franka_gripper/msg/GraspActionResult.msg)
Linked: (/home/dijkd/franka_ws/devel/.private/franka_gripper/share/franka_gripper/msg/StopActionFeedback.msg, /home/dijkd/franka_ws/devel/share/franka_gripper/msg/StopActionFeedback.msg)
Linked: (/home/dijkd/franka_ws/devel/.private/franka_gripper/share/franka_gripper/msg/HomingActionFeedback.msg, /home/dijkd/franka_ws/devel/share/franka_gripper/msg/HomingActionFeedback.msg)
Linked: (/home/dijkd/franka_ws/devel/.private/franka_gripper/share/franka_gripper/msg/HomingAction.msg, /home/dijkd/franka_ws/devel/share/franka_gripper/msg/HomingAction.msg)
Linked: (/home/dijkd/franka_ws/devel/.private/franka_gripper/share/gennodejs/ros/franka_gripper/_index.js, /home/dijkd/franka_ws/devel/share/gennodejs/ros/franka_gripper/_index.js)
Linked: (/home/dijkd/franka_ws/devel/.private/franka_gripper/share/gennodejs/ros/franka_gripper/msg/HomingActionFeedback.js, /home/dijkd/franka_ws/devel/share/gennodejs/ros/franka_gripper/msg/HomingActionFeedback.js)
Linked: (/home/dijkd/franka_ws/devel/.private/franka_gripper/share/gennodejs/ros/franka_gripper/msg/GraspAction.js, /home/dijkd/franka_ws/devel/share/gennodejs/ros/franka_gripper/msg/GraspAction.js)
Linked: (/home/dijkd/franka_ws/devel/.private/franka_gripper/share/gennodejs/ros/franka_gripper/msg/GraspActionResult.js, /home/dijkd/franka_ws/devel/share/gennodejs/ros/franka_gripper/msg/GraspActionResult.js)
Linked: (/home/dijkd/franka_ws/devel/.private/franka_gripper/share/gennodejs/ros/franka_gripper/msg/HomingFeedback.js, /home/dijkd/franka_ws/devel/share/gennodejs/ros/franka_gripper/msg/HomingFeedback.js)
Linked: (/home/dijkd/franka_ws/devel/.private/franka_gripper/share/gennodejs/ros/franka_gripper/msg/GraspGoal.js, /home/dijkd/franka_ws/devel/share/gennodejs/ros/franka_gripper/msg/GraspGoal.js)
Linked: (/home/dijkd/franka_ws/devel/.private/franka_gripper/share/gennodejs/ros/franka_gripper/msg/StopActionResult.js, /home/dijkd/franka_ws/devel/share/gennodejs/ros/franka_gripper/msg/StopActionResult.js)
Linked: (/home/dijkd/franka_ws/devel/.private/franka_gripper/share/gennodejs/ros/franka_gripper/msg/MoveGoal.js, /home/dijkd/franka_ws/devel/share/gennodejs/ros/franka_gripper/msg/MoveGoal.js)
Linked: (/home/dijkd/franka_ws/devel/.private/franka_gripper/share/gennodejs/ros/franka_gripper/msg/GraspActionFeedback.js, /home/dijkd/franka_ws/devel/share/gennodejs/ros/franka_gripper/msg/GraspActionFeedback.js)
Linked: (/home/dijkd/franka_ws/devel/.private/franka_gripper/share/gennodejs/ros/franka_gripper/msg/HomingGoal.js, /home/dijkd/franka_ws/devel/share/gennodejs/ros/franka_gripper/msg/HomingGoal.js)
Linked: (/home/dijkd/franka_ws/devel/.private/franka_gripper/share/gennodejs/ros/franka_gripper/msg/MoveActionFeedback.js, /home/dijkd/franka_ws/devel/share/gennodejs/ros/franka_gripper/msg/MoveActionFeedback.js)
Linked: (/home/dijkd/franka_ws/devel/.private/franka_gripper/share/gennodejs/ros/franka_gripper/msg/HomingAction.js, /home/dijkd/franka_ws/devel/share/gennodejs/ros/franka_gripper/msg/HomingAction.js)
Linked: (/home/dijkd/franka_ws/devel/.private/franka_gripper/share/gennodejs/ros/franka_gripper/msg/_index.js, /home/dijkd/franka_ws/devel/share/gennodejs/ros/franka_gripper/msg/_index.js)
Linked: (/home/dijkd/franka_ws/devel/.private/franka_gripper/share/gennodejs/ros/franka_gripper/msg/StopResult.js, /home/dijkd/franka_ws/devel/share/gennodejs/ros/franka_gripper/msg/StopResult.js)
Linked: (/home/dijkd/franka_ws/devel/.private/franka_gripper/share/gennodejs/ros/franka_gripper/msg/GraspFeedback.js, /home/dijkd/franka_ws/devel/share/gennodejs/ros/franka_gripper/msg/GraspFeedback.js)
Linked: (/home/dijkd/franka_ws/devel/.private/franka_gripper/share/gennodejs/ros/franka_gripper/msg/MoveActionResult.js, /home/dijkd/franka_ws/devel/share/gennodejs/ros/franka_gripper/msg/MoveActionResult.js)
Linked: (/home/dijkd/franka_ws/devel/.private/franka_gripper/share/gennodejs/ros/franka_gripper/msg/HomingActionGoal.js, /home/dijkd/franka_ws/devel/share/gennodejs/ros/franka_gripper/msg/HomingActionGoal.js)
Linked: (/home/dijkd/franka_ws/devel/.private/franka_gripper/share/gennodejs/ros/franka_gripper/msg/StopAction.js, /home/dijkd/franka_ws/devel/share/gennodejs/ros/franka_gripper/msg/StopAction.js)
Linked: (/home/dijkd/franka_ws/devel/.private/franka_gripper/share/gennodejs/ros/franka_gripper/msg/MoveFeedback.js, /home/dijkd/franka_ws/devel/share/gennodejs/ros/franka_gripper/msg/MoveFeedback.js)
Linked: (/home/dijkd/franka_ws/devel/.private/franka_gripper/share/gennodejs/ros/franka_gripper/msg/StopActionFeedback.js, /home/dijkd/franka_ws/devel/share/gennodejs/ros/franka_gripper/msg/StopActionFeedback.js)
Linked: (/home/dijkd/franka_ws/devel/.private/franka_gripper/share/gennodejs/ros/franka_gripper/msg/StopGoal.js, /home/dijkd/franka_ws/devel/share/gennodejs/ros/franka_gripper/msg/StopGoal.js)
Linked: (/home/dijkd/franka_ws/devel/.private/franka_gripper/share/gennodejs/ros/franka_gripper/msg/StopFeedback.js, /home/dijkd/franka_ws/devel/share/gennodejs/ros/franka_gripper/msg/StopFeedback.js)
Linked: (/home/dijkd/franka_ws/devel/.private/franka_gripper/share/gennodejs/ros/franka_gripper/msg/HomingActionResult.js, /home/dijkd/franka_ws/devel/share/gennodejs/ros/franka_gripper/msg/HomingActionResult.js)
Linked: (/home/dijkd/franka_ws/devel/.private/franka_gripper/share/gennodejs/ros/franka_gripper/msg/MoveActionGoal.js, /home/dijkd/franka_ws/devel/share/gennodejs/ros/franka_gripper/msg/MoveActionGoal.js)
Linked: (/home/dijkd/franka_ws/devel/.private/franka_gripper/share/gennodejs/ros/franka_gripper/msg/GraspActionGoal.js, /home/dijkd/franka_ws/devel/share/gennodejs/ros/franka_gripper/msg/GraspActionGoal.js)
Linked: (/home/dijkd/franka_ws/devel/.private/franka_gripper/share/gennodejs/ros/franka_gripper/msg/MoveAction.js, /home/dijkd/franka_ws/devel/share/gennodejs/ros/franka_gripper/msg/MoveAction.js)
Linked: (/home/dijkd/franka_ws/devel/.private/franka_gripper/share/gennodejs/ros/franka_gripper/msg/StopActionGoal.js, /home/dijkd/franka_ws/devel/share/gennodejs/ros/franka_gripper/msg/StopActionGoal.js)
Linked: (/home/dijkd/franka_ws/devel/.private/franka_gripper/share/gennodejs/ros/franka_gripper/msg/HomingResult.js, /home/dijkd/franka_ws/devel/share/gennodejs/ros/franka_gripper/msg/HomingResult.js)
Linked: (/home/dijkd/franka_ws/devel/.private/franka_gripper/share/gennodejs/ros/franka_gripper/msg/GraspResult.js, /home/dijkd/franka_ws/devel/share/gennodejs/ros/franka_gripper/msg/GraspResult.js)
Linked: (/home/dijkd/franka_ws/devel/.private/franka_gripper/share/gennodejs/ros/franka_gripper/msg/GraspEpsilon.js, /home/dijkd/franka_ws/devel/share/gennodejs/ros/franka_gripper/msg/GraspEpsilon.js)
Linked: (/home/dijkd/franka_ws/devel/.private/franka_gripper/share/gennodejs/ros/franka_gripper/msg/MoveResult.js, /home/dijkd/franka_ws/devel/share/gennodejs/ros/franka_gripper/msg/MoveResult.js)
Linked: (/home/dijkd/franka_ws/devel/.private/franka_gripper/lib/libfranka_gripper.so, /home/dijkd/franka_ws/devel/lib/libfranka_gripper.so)
Linked: (/home/dijkd/franka_ws/devel/.private/franka_gripper/lib/python2.7/dist-packages/franka_gripper/__init__.py, /home/dijkd/franka_ws/devel/lib/python2.7/dist-packages/franka_gripper/__init__.py)
Linked: (/home/dijkd/franka_ws/devel/.private/franka_gripper/lib/python2.7/dist-packages/franka_gripper/msg/_GraspFeedback.py, /home/dijkd/franka_ws/devel/lib/python2.7/dist-packages/franka_gripper/msg/_GraspFeedback.py)
Linked: (/home/dijkd/franka_ws/devel/.private/franka_gripper/lib/python2.7/dist-packages/franka_gripper/msg/_GraspEpsilon.py, /home/dijkd/franka_ws/devel/lib/python2.7/dist-packages/franka_gripper/msg/_GraspEpsilon.py)
Linked: (/home/dijkd/franka_ws/devel/.private/franka_gripper/lib/python2.7/dist-packages/franka_gripper/msg/_StopActionFeedback.py, /home/dijkd/franka_ws/devel/lib/python2.7/dist-packages/franka_gripper/msg/_StopActionFeedback.py)
Linked: (/home/dijkd/franka_ws/devel/.private/franka_gripper/lib/python2.7/dist-packages/franka_gripper/msg/_GraspResult.py, /home/dijkd/franka_ws/devel/lib/python2.7/dist-packages/franka_gripper/msg/_GraspResult.py)
Linked: (/home/dijkd/franka_ws/devel/.private/franka_gripper/lib/python2.7/dist-packages/franka_gripper/msg/_MoveActionGoal.py, /home/dijkd/franka_ws/devel/lib/python2.7/dist-packages/franka_gripper/msg/_MoveActionGoal.py)
Linked: (/home/dijkd/franka_ws/devel/.private/franka_gripper/lib/python2.7/dist-packages/franka_gripper/msg/__init__.py, /home/dijkd/franka_ws/devel/lib/python2.7/dist-packages/franka_gripper/msg/__init__.py)
Linked: (/home/dijkd/franka_ws/devel/.private/franka_gripper/lib/python2.7/dist-packages/franka_gripper/msg/_HomingActionResult.py, /home/dijkd/franka_ws/devel/lib/python2.7/dist-packages/franka_gripper/msg/_HomingActionResult.py)
Linked: (/home/dijkd/franka_ws/devel/.private/franka_gripper/lib/python2.7/dist-packages/franka_gripper/msg/_MoveAction.py, /home/dijkd/franka_ws/devel/lib/python2.7/dist-packages/franka_gripper/msg/_MoveAction.py)
Linked: (/home/dijkd/franka_ws/devel/.private/franka_gripper/lib/python2.7/dist-packages/franka_gripper/msg/_MoveActionResult.py, /home/dijkd/franka_ws/devel/lib/python2.7/dist-packages/franka_gripper/msg/_MoveActionResult.py)
Linked: (/home/dijkd/franka_ws/devel/.private/franka_gripper/lib/python2.7/dist-packages/franka_gripper/msg/_MoveGoal.py, /home/dijkd/franka_ws/devel/lib/python2.7/dist-packages/franka_gripper/msg/_MoveGoal.py)
Linked: (/home/dijkd/franka_ws/devel/.private/franka_gripper/lib/python2.7/dist-packages/franka_gripper/msg/_StopGoal.py, /home/dijkd/franka_ws/devel/lib/python2.7/dist-packages/franka_gripper/msg/_StopGoal.py)
Linked: (/home/dijkd/franka_ws/devel/.private/franka_gripper/lib/python2.7/dist-packages/franka_gripper/msg/_HomingResult.py, /home/dijkd/franka_ws/devel/lib/python2.7/dist-packages/franka_gripper/msg/_HomingResult.py)
Linked: (/home/dijkd/franka_ws/devel/.private/franka_gripper/lib/python2.7/dist-packages/franka_gripper/msg/_MoveResult.py, /home/dijkd/franka_ws/devel/lib/python2.7/dist-packages/franka_gripper/msg/_MoveResult.py)
Linked: (/home/dijkd/franka_ws/devel/.private/franka_gripper/lib/python2.7/dist-packages/franka_gripper/msg/_MoveActionFeedback.py, /home/dijkd/franka_ws/devel/lib/python2.7/dist-packages/franka_gripper/msg/_MoveActionFeedback.py)
Linked: (/home/dijkd/franka_ws/devel/.private/franka_gripper/lib/python2.7/dist-packages/franka_gripper/msg/_StopFeedback.py, /home/dijkd/franka_ws/devel/lib/python2.7/dist-packages/franka_gripper/msg/_StopFeedback.py)
Linked: (/home/dijkd/franka_ws/devel/.private/franka_gripper/lib/python2.7/dist-packages/franka_gripper/msg/_HomingAction.py, /home/dijkd/franka_ws/devel/lib/python2.7/dist-packages/franka_gripper/msg/_HomingAction.py)
Linked: (/home/dijkd/franka_ws/devel/.private/franka_gripper/lib/python2.7/dist-packages/franka_gripper/msg/_HomingFeedback.py, /home/dijkd/franka_ws/devel/lib/python2.7/dist-packages/franka_gripper/msg/_HomingFeedback.py)
Linked: (/home/dijkd/franka_ws/devel/.private/franka_gripper/lib/python2.7/dist-packages/franka_gripper/msg/_StopAction.py, /home/dijkd/franka_ws/devel/lib/python2.7/dist-packages/franka_gripper/msg/_StopAction.py)
Linked: (/home/dijkd/franka_ws/devel/.private/franka_gripper/lib/python2.7/dist-packages/franka_gripper/msg/_HomingGoal.py, /home/dijkd/franka_ws/devel/lib/python2.7/dist-packages/franka_gripper/msg/_HomingGoal.py)
Linked: (/home/dijkd/franka_ws/devel/.private/franka_gripper/lib/python2.7/dist-packages/franka_gripper/msg/_StopActionGoal.py, /home/dijkd/franka_ws/devel/lib/python2.7/dist-packages/franka_gripper/msg/_StopActionGoal.py)
Linked: (/home/dijkd/franka_ws/devel/.private/franka_gripper/lib/python2.7/dist-packages/franka_gripper/msg/_GraspActionGoal.py, /home/dijkd/franka_ws/devel/lib/python2.7/dist-packages/franka_gripper/msg/_GraspActionGoal.py)
Linked: (/home/dijkd/franka_ws/devel/.private/franka_gripper/lib/python2.7/dist-packages/franka_gripper/msg/_GraspAction.py, /home/dijkd/franka_ws/devel/lib/python2.7/dist-packages/franka_gripper/msg/_GraspAction.py)
Linked: (/home/dijkd/franka_ws/devel/.private/franka_gripper/lib/python2.7/dist-packages/franka_gripper/msg/_HomingActionGoal.py, /home/dijkd/franka_ws/devel/lib/python2.7/dist-packages/franka_gripper/msg/_HomingActionGoal.py)
Linked: (/home/dijkd/franka_ws/devel/.private/franka_gripper/lib/python2.7/dist-packages/franka_gripper/msg/_StopResult.py, /home/dijkd/franka_ws/devel/lib/python2.7/dist-packages/franka_gripper/msg/_StopResult.py)
Linked: (/home/dijkd/franka_ws/devel/.private/franka_gripper/lib/python2.7/dist-packages/franka_gripper/msg/_GraspGoal.py, /home/dijkd/franka_ws/devel/lib/python2.7/dist-packages/franka_gripper/msg/_GraspGoal.py)
Linked: (/home/dijkd/franka_ws/devel/.private/franka_gripper/lib/python2.7/dist-packages/franka_gripper/msg/_StopActionResult.py, /home/dijkd/franka_ws/devel/lib/python2.7/dist-packages/franka_gripper/msg/_StopActionResult.py)
Linked: (/home/dijkd/franka_ws/devel/.private/franka_gripper/lib/python2.7/dist-packages/franka_gripper/msg/_HomingActionFeedback.py, /home/dijkd/franka_ws/devel/lib/python2.7/dist-packages/franka_gripper/msg/_HomingActionFeedback.py)
Linked: (/home/dijkd/franka_ws/devel/.private/franka_gripper/lib/python2.7/dist-packages/franka_gripper/msg/_GraspActionFeedback.py, /home/dijkd/franka_ws/devel/lib/python2.7/dist-packages/franka_gripper/msg/_GraspActionFeedback.py)
Linked: (/home/dijkd/franka_ws/devel/.private/franka_gripper/lib/python2.7/dist-packages/franka_gripper/msg/_GraspActionResult.py, /home/dijkd/franka_ws/devel/lib/python2.7/dist-packages/franka_gripper/msg/_GraspActionResult.py)
Linked: (/home/dijkd/franka_ws/devel/.private/franka_gripper/lib/python2.7/dist-packages/franka_gripper/msg/_MoveFeedback.py, /home/dijkd/franka_ws/devel/lib/python2.7/dist-packages/franka_gripper/msg/_MoveFeedback.py)
Linked: (/home/dijkd/franka_ws/devel/.private/franka_gripper/lib/franka_gripper/franka_gripper_node, /home/dijkd/franka_ws/devel/lib/franka_gripper/franka_gripper_node)
Linked: (/home/dijkd/franka_ws/devel/.private/franka_gripper/lib/pkgconfig/franka_gripper.pc, /home/dijkd/franka_ws/devel/lib/pkgconfig/franka_gripper.pc)
Linked: (/home/dijkd/franka_ws/devel/.private/franka_gripper/include/franka_gripper/HomingResult.h, /home/dijkd/franka_ws/devel/include/franka_gripper/HomingResult.h)
Linked: (/home/dijkd/franka_ws/devel/.private/franka_gripper/include/franka_gripper/MoveActionFeedback.h, /home/dijkd/franka_ws/devel/include/franka_gripper/MoveActionFeedback.h)
Linked: (/home/dijkd/franka_ws/devel/.private/franka_gripper/include/franka_gripper/MoveActionResult.h, /home/dijkd/franka_ws/devel/include/franka_gripper/MoveActionResult.h)
Linked: (/home/dijkd/franka_ws/devel/.private/franka_gripper/include/franka_gripper/StopActionFeedback.h, /home/dijkd/franka_ws/devel/include/franka_gripper/StopActionFeedback.h)
Linked: (/home/dijkd/franka_ws/devel/.private/franka_gripper/include/franka_gripper/GraspEpsilon.h, /home/dijkd/franka_ws/devel/include/franka_gripper/GraspEpsilon.h)
Linked: (/home/dijkd/franka_ws/devel/.private/franka_gripper/include/franka_gripper/HomingAction.h, /home/dijkd/franka_ws/devel/include/franka_gripper/HomingAction.h)
Linked: (/home/dijkd/franka_ws/devel/.private/franka_gripper/include/franka_gripper/GraspGoal.h, /home/dijkd/franka_ws/devel/include/franka_gripper/GraspGoal.h)
Linked: (/home/dijkd/franka_ws/devel/.private/franka_gripper/include/franka_gripper/GraspFeedback.h, /home/dijkd/franka_ws/devel/include/franka_gripper/GraspFeedback.h)
Linked: (/home/dijkd/franka_ws/devel/.private/franka_gripper/include/franka_gripper/HomingFeedback.h, /home/dijkd/franka_ws/devel/include/franka_gripper/HomingFeedback.h)
Linked: (/home/dijkd/franka_ws/devel/.private/franka_gripper/include/franka_gripper/StopFeedback.h, /home/dijkd/franka_ws/devel/include/franka_gripper/StopFeedback.h)
Linked: (/home/dijkd/franka_ws/devel/.private/franka_gripper/include/franka_gripper/MoveActionGoal.h, /home/dijkd/franka_ws/devel/include/franka_gripper/MoveActionGoal.h)
Linked: (/home/dijkd/franka_ws/devel/.private/franka_gripper/include/franka_gripper/MoveResult.h, /home/dijkd/franka_ws/devel/include/franka_gripper/MoveResult.h)
Linked: (/home/dijkd/franka_ws/devel/.private/franka_gripper/include/franka_gripper/GraspActionFeedback.h, /home/dijkd/franka_ws/devel/include/franka_gripper/GraspActionFeedback.h)
Linked: (/home/dijkd/franka_ws/devel/.private/franka_gripper/include/franka_gripper/StopActionResult.h, /home/dijkd/franka_ws/devel/include/franka_gripper/StopActionResult.h)
Linked: (/home/dijkd/franka_ws/devel/.private/franka_gripper/include/franka_gripper/StopResult.h, /home/dijkd/franka_ws/devel/include/franka_gripper/StopResult.h)
Linked: (/home/dijkd/franka_ws/devel/.private/franka_gripper/include/franka_gripper/StopGoal.h, /home/dijkd/franka_ws/devel/include/franka_gripper/StopGoal.h)
Linked: (/home/dijkd/franka_ws/devel/.private/franka_gripper/include/franka_gripper/MoveAction.h, /home/dijkd/franka_ws/devel/include/franka_gripper/MoveAction.h)
Linked: (/home/dijkd/franka_ws/devel/.private/franka_gripper/include/franka_gripper/StopActionGoal.h, /home/dijkd/franka_ws/devel/include/franka_gripper/StopActionGoal.h)
Linked: (/home/dijkd/franka_ws/devel/.private/franka_gripper/include/franka_gripper/GraspActionGoal.h, /home/dijkd/franka_ws/devel/include/franka_gripper/GraspActionGoal.h)
Linked: (/home/dijkd/franka_ws/devel/.private/franka_gripper/include/franka_gripper/MoveGoal.h, /home/dijkd/franka_ws/devel/include/franka_gripper/MoveGoal.h)
Linked: (/home/dijkd/franka_ws/devel/.private/franka_gripper/include/franka_gripper/HomingActionGoal.h, /home/dijkd/franka_ws/devel/include/franka_gripper/HomingActionGoal.h)
Linked: (/home/dijkd/franka_ws/devel/.private/franka_gripper/include/franka_gripper/MoveFeedback.h, /home/dijkd/franka_ws/devel/include/franka_gripper/MoveFeedback.h)
Linked: (/home/dijkd/franka_ws/devel/.private/franka_gripper/include/franka_gripper/GraspAction.h, /home/dijkd/franka_ws/devel/include/franka_gripper/GraspAction.h)
Linked: (/home/dijkd/franka_ws/devel/.private/franka_gripper/include/franka_gripper/HomingGoal.h, /home/dijkd/franka_ws/devel/include/franka_gripper/HomingGoal.h)
Linked: (/home/dijkd/franka_ws/devel/.private/franka_gripper/include/franka_gripper/HomingActionResult.h, /home/dijkd/franka_ws/devel/include/franka_gripper/HomingActionResult.h)
Linked: (/home/dijkd/franka_ws/devel/.private/franka_gripper/include/franka_gripper/HomingActionFeedback.h, /home/dijkd/franka_ws/devel/include/franka_gripper/HomingActionFeedback.h)
Linked: (/home/dijkd/franka_ws/devel/.private/franka_gripper/include/franka_gripper/StopAction.h, /home/dijkd/franka_ws/devel/include/franka_gripper/StopAction.h)
Linked: (/home/dijkd/franka_ws/devel/.private/franka_gripper/include/franka_gripper/GraspResult.h, /home/dijkd/franka_ws/devel/include/franka_gripper/GraspResult.h)
Linked: (/home/dijkd/franka_ws/devel/.private/franka_gripper/include/franka_gripper/GraspActionResult.h, /home/dijkd/franka_ws/devel/include/franka_gripper/GraspActionResult.h)
