Determining if the pthread_create exist failed with the following output:
Change Dir: /home/dijkd/franka_ws/build/franka_gripper/CMakeFiles/CMakeTmp

Run Build Command:"/usr/bin/make" "cmTC_005fa/fast"
/usr/bin/make -f CMakeFiles/cmTC_005fa.dir/build.make CMakeFiles/cmTC_005fa.dir/build
make[1]: Entering directory '/home/dijkd/franka_ws/build/franka_gripper/CMakeFiles/CMakeTmp'
Building C object CMakeFiles/cmTC_005fa.dir/CheckSymbolExists.c.o
/usr/bin/cc     -o CMakeFiles/cmTC_005fa.dir/CheckSymbolExists.c.o   -c /home/dijkd/franka_ws/build/franka_gripper/CMakeFiles/CMakeTmp/CheckSymbolExists.c
Linking C executable cmTC_005fa
/usr/bin/cmake -E cmake_link_script CMakeFiles/cmTC_005fa.dir/link.txt --verbose=1
/usr/bin/cc       CMakeFiles/cmTC_005fa.dir/CheckSymbolExists.c.o  -o cmTC_005fa -rdynamic 
CMakeFiles/cmTC_005fa.dir/CheckSymbolExists.c.o: In function `main':
CheckSymbolExists.c:(.text+0x16): undefined reference to `pthread_create'
collect2: error: ld returned 1 exit status
CMakeFiles/cmTC_005fa.dir/build.make:97: recipe for target 'cmTC_005fa' failed
make[1]: *** [cmTC_005fa] Error 1
make[1]: Leaving directory '/home/dijkd/franka_ws/build/franka_gripper/CMakeFiles/CMakeTmp'
Makefile:126: recipe for target 'cmTC_005fa/fast' failed
make: *** [cmTC_005fa/fast] Error 2

File /home/dijkd/franka_ws/build/franka_gripper/CMakeFiles/CMakeTmp/CheckSymbolExists.c:
/* */
#include <pthread.h>

int main(int argc, char** argv)
{
  (void)argv;
#ifndef pthread_create
  return ((int*)(&pthread_create))[argc];
#else
  (void)argc;
  return 0;
#endif
}

Determining if the function pthread_create exists in the pthreads failed with the following output:
Change Dir: /home/dijkd/franka_ws/build/franka_gripper/CMakeFiles/CMakeTmp

Run Build Command:"/usr/bin/make" "cmTC_dd327/fast"
/usr/bin/make -f CMakeFiles/cmTC_dd327.dir/build.make CMakeFiles/cmTC_dd327.dir/build
make[1]: Entering directory '/home/dijkd/franka_ws/build/franka_gripper/CMakeFiles/CMakeTmp'
Building C object CMakeFiles/cmTC_dd327.dir/CheckFunctionExists.c.o
/usr/bin/cc    -DCHECK_FUNCTION_EXISTS=pthread_create   -o CMakeFiles/cmTC_dd327.dir/CheckFunctionExists.c.o   -c /usr/share/cmake-3.5/Modules/CheckFunctionExists.c
Linking C executable cmTC_dd327
/usr/bin/cmake -E cmake_link_script CMakeFiles/cmTC_dd327.dir/link.txt --verbose=1
/usr/bin/cc   -DCHECK_FUNCTION_EXISTS=pthread_create    CMakeFiles/cmTC_dd327.dir/CheckFunctionExists.c.o  -o cmTC_dd327 -rdynamic -lpthreads 
/usr/bin/ld: cannot find -lpthreads
collect2: error: ld returned 1 exit status
CMakeFiles/cmTC_dd327.dir/build.make:97: recipe for target 'cmTC_dd327' failed
make[1]: *** [cmTC_dd327] Error 1
make[1]: Leaving directory '/home/dijkd/franka_ws/build/franka_gripper/CMakeFiles/CMakeTmp'
Makefile:126: recipe for target 'cmTC_dd327/fast' failed
make: *** [cmTC_dd327/fast] Error 2


