Determining if the pthread_create exist failed with the following output:
Change Dir: /home/dijkd/franka_ws/build/new_controllers/CMakeFiles/CMakeTmp

Run Build Command:"/usr/bin/make" "cmTC_cfc40/fast"
/usr/bin/make -f CMakeFiles/cmTC_cfc40.dir/build.make CMakeFiles/cmTC_cfc40.dir/build
make[1]: Entering directory '/home/dijkd/franka_ws/build/new_controllers/CMakeFiles/CMakeTmp'
Building C object CMakeFiles/cmTC_cfc40.dir/CheckSymbolExists.c.o
/usr/bin/cc     -o CMakeFiles/cmTC_cfc40.dir/CheckSymbolExists.c.o   -c /home/dijkd/franka_ws/build/new_controllers/CMakeFiles/CMakeTmp/CheckSymbolExists.c
Linking C executable cmTC_cfc40
/usr/bin/cmake -E cmake_link_script CMakeFiles/cmTC_cfc40.dir/link.txt --verbose=1
/usr/bin/cc       CMakeFiles/cmTC_cfc40.dir/CheckSymbolExists.c.o  -o cmTC_cfc40 -rdynamic 
CMakeFiles/cmTC_cfc40.dir/CheckSymbolExists.c.o: In function `main':
CheckSymbolExists.c:(.text+0x16): undefined reference to `pthread_create'
collect2: error: ld returned 1 exit status
CMakeFiles/cmTC_cfc40.dir/build.make:97: recipe for target 'cmTC_cfc40' failed
make[1]: *** [cmTC_cfc40] Error 1
make[1]: Leaving directory '/home/dijkd/franka_ws/build/new_controllers/CMakeFiles/CMakeTmp'
Makefile:126: recipe for target 'cmTC_cfc40/fast' failed
make: *** [cmTC_cfc40/fast] Error 2

File /home/dijkd/franka_ws/build/new_controllers/CMakeFiles/CMakeTmp/CheckSymbolExists.c:
/* */
#include <pthread.h>

int main(int argc, char** argv)
{
  (void)argv;
#ifndef pthread_create
  return ((int*)(&pthread_create))[argc];
#else
  (void)argc;
  return 0;
#endif
}

Determining if the function pthread_create exists in the pthreads failed with the following output:
Change Dir: /home/dijkd/franka_ws/build/new_controllers/CMakeFiles/CMakeTmp

Run Build Command:"/usr/bin/make" "cmTC_865ec/fast"
/usr/bin/make -f CMakeFiles/cmTC_865ec.dir/build.make CMakeFiles/cmTC_865ec.dir/build
make[1]: Entering directory '/home/dijkd/franka_ws/build/new_controllers/CMakeFiles/CMakeTmp'
Building C object CMakeFiles/cmTC_865ec.dir/CheckFunctionExists.c.o
/usr/bin/cc    -DCHECK_FUNCTION_EXISTS=pthread_create   -o CMakeFiles/cmTC_865ec.dir/CheckFunctionExists.c.o   -c /usr/share/cmake-3.5/Modules/CheckFunctionExists.c
Linking C executable cmTC_865ec
/usr/bin/cmake -E cmake_link_script CMakeFiles/cmTC_865ec.dir/link.txt --verbose=1
/usr/bin/cc   -DCHECK_FUNCTION_EXISTS=pthread_create    CMakeFiles/cmTC_865ec.dir/CheckFunctionExists.c.o  -o cmTC_865ec -rdynamic -lpthreads 
/usr/bin/ld: cannot find -lpthreads
collect2: error: ld returned 1 exit status
CMakeFiles/cmTC_865ec.dir/build.make:97: recipe for target 'cmTC_865ec' failed
make[1]: *** [cmTC_865ec] Error 1
make[1]: Leaving directory '/home/dijkd/franka_ws/build/new_controllers/CMakeFiles/CMakeTmp'
Makefile:126: recipe for target 'cmTC_865ec/fast' failed
make: *** [cmTC_865ec/fast] Error 2


